mode: set
github.com/Ulbora/ulboracms/handlers/adminContentHandler.go:12.78,15.9 3 1
github.com/Ulbora/ulboracms/handlers/adminContentHandler.go:15.9,18.27 3 1
github.com/Ulbora/ulboracms/handlers/adminContentHandler.go:18.27,22.4 3 1
github.com/Ulbora/ulboracms/handlers/adminContentHandler.go:22.9,24.4 1 1
github.com/Ulbora/ulboracms/handlers/adminContentHandler.go:29.78,32.9 3 1
github.com/Ulbora/ulboracms/handlers/adminContentHandler.go:32.9,35.27 3 1
github.com/Ulbora/ulboracms/handlers/adminContentHandler.go:35.27,72.24 28 1
github.com/Ulbora/ulboracms/handlers/adminContentHandler.go:77.4,77.23 1 1
github.com/Ulbora/ulboracms/handlers/adminContentHandler.go:82.4,83.19 2 1
github.com/Ulbora/ulboracms/handlers/adminContentHandler.go:72.24,74.5 1 1
github.com/Ulbora/ulboracms/handlers/adminContentHandler.go:74.10,76.5 1 1
github.com/Ulbora/ulboracms/handlers/adminContentHandler.go:77.23,79.5 1 1
github.com/Ulbora/ulboracms/handlers/adminContentHandler.go:79.10,81.5 1 1
github.com/Ulbora/ulboracms/handlers/adminContentHandler.go:83.19,85.5 1 1
github.com/Ulbora/ulboracms/handlers/adminContentHandler.go:85.10,87.5 1 1
github.com/Ulbora/ulboracms/handlers/adminContentHandler.go:88.9,90.4 1 1
github.com/Ulbora/ulboracms/handlers/adminContentHandler.go:95.81,98.9 3 1
github.com/Ulbora/ulboracms/handlers/adminContentHandler.go:98.9,101.27 3 1
github.com/Ulbora/ulboracms/handlers/adminContentHandler.go:101.27,141.25 28 1
github.com/Ulbora/ulboracms/handlers/adminContentHandler.go:147.4,147.24 1 1
github.com/Ulbora/ulboracms/handlers/adminContentHandler.go:153.4,153.25 1 1
github.com/Ulbora/ulboracms/handlers/adminContentHandler.go:159.4,160.19 2 1
github.com/Ulbora/ulboracms/handlers/adminContentHandler.go:141.25,143.5 1 1
github.com/Ulbora/ulboracms/handlers/adminContentHandler.go:143.10,145.5 1 1
github.com/Ulbora/ulboracms/handlers/adminContentHandler.go:147.24,149.5 1 1
github.com/Ulbora/ulboracms/handlers/adminContentHandler.go:149.10,151.5 1 1
github.com/Ulbora/ulboracms/handlers/adminContentHandler.go:153.25,155.5 1 1
github.com/Ulbora/ulboracms/handlers/adminContentHandler.go:155.10,157.5 1 1
github.com/Ulbora/ulboracms/handlers/adminContentHandler.go:160.19,162.5 1 1
github.com/Ulbora/ulboracms/handlers/adminContentHandler.go:162.10,165.5 1 1
github.com/Ulbora/ulboracms/handlers/adminContentHandler.go:167.9,169.4 1 1
github.com/Ulbora/ulboracms/handlers/adminContentHandler.go:174.78,177.9 3 1
github.com/Ulbora/ulboracms/handlers/adminContentHandler.go:177.9,180.27 3 1
github.com/Ulbora/ulboracms/handlers/adminContentHandler.go:180.27,194.4 11 1
github.com/Ulbora/ulboracms/handlers/adminContentHandler.go:194.9,196.4 1 1
github.com/Ulbora/ulboracms/handlers/adminContentHandler.go:201.81,204.9 3 1
github.com/Ulbora/ulboracms/handlers/adminContentHandler.go:204.9,207.27 3 1
github.com/Ulbora/ulboracms/handlers/adminContentHandler.go:207.27,216.4 5 1
github.com/Ulbora/ulboracms/handlers/adminContentHandler.go:216.9,218.4 1 1
github.com/Ulbora/ulboracms/handlers/adminIndexHandler.go:9.73,12.9 3 1
github.com/Ulbora/ulboracms/handlers/adminIndexHandler.go:12.9,15.27 3 1
github.com/Ulbora/ulboracms/handlers/adminIndexHandler.go:15.27,18.41 3 1
github.com/Ulbora/ulboracms/handlers/adminIndexHandler.go:21.4,22.55 2 1
github.com/Ulbora/ulboracms/handlers/adminIndexHandler.go:18.41,20.5 1 1
github.com/Ulbora/ulboracms/handlers/adminIndexHandler.go:23.9,25.4 1 1
github.com/Ulbora/ulboracms/handlers/handler.go:104.39,108.2 3 1
github.com/Ulbora/ulboracms/handlers/handler.go:110.76,114.20 3 1
github.com/Ulbora/ulboracms/handlers/handler.go:120.2,120.14 1 1
github.com/Ulbora/ulboracms/handlers/handler.go:148.2,148.18 1 1
github.com/Ulbora/ulboracms/handlers/handler.go:114.20,119.3 3 1
github.com/Ulbora/ulboracms/handlers/handler.go:120.14,142.17 5 1
github.com/Ulbora/ulboracms/handlers/handler.go:142.17,145.4 2 1
github.com/Ulbora/ulboracms/handlers/templateHandler.go:6.37,21.2 5 1
github.com/Ulbora/ulboracms/handlers/loginHandler.go:11.68,17.2 5 1
github.com/Ulbora/ulboracms/handlers/loginHandler.go:20.72,24.9 3 1
github.com/Ulbora/ulboracms/handlers/loginHandler.go:24.9,43.65 6 1
github.com/Ulbora/ulboracms/handlers/loginHandler.go:52.3,53.15 2 1
github.com/Ulbora/ulboracms/handlers/loginHandler.go:43.65,46.4 2 1
github.com/Ulbora/ulboracms/handlers/loginHandler.go:53.15,72.4 4 1
github.com/Ulbora/ulboracms/handlers/loginHandler.go:72.9,74.4 1 1
github.com/Ulbora/ulboracms/handlers/loginHandler.go:79.8,81.3 1 1
github.com/Ulbora/ulboracms/handlers/loginHandler.go:85.69,88.9 3 1
github.com/Ulbora/ulboracms/handlers/loginHandler.go:88.9,95.3 6 1
github.com/Ulbora/ulboracms/handlers/adminBackupHandler.go:9.74,12.9 3 1
github.com/Ulbora/ulboracms/handlers/adminBackupHandler.go:12.9,15.27 3 1
github.com/Ulbora/ulboracms/handlers/adminBackupHandler.go:15.27,17.4 1 1
github.com/Ulbora/ulboracms/handlers/adminBackupHandler.go:17.9,19.4 1 1
github.com/Ulbora/ulboracms/handlers/adminBackupHandler.go:24.80,27.9 3 1
github.com/Ulbora/ulboracms/handlers/adminBackupHandler.go:27.9,30.27 3 1
github.com/Ulbora/ulboracms/handlers/adminBackupHandler.go:30.27,32.4 1 1
github.com/Ulbora/ulboracms/handlers/adminBackupHandler.go:32.9,34.4 1 1
github.com/Ulbora/ulboracms/handlers/adminBackupHandler.go:39.83,42.9 3 1
github.com/Ulbora/ulboracms/handlers/adminBackupHandler.go:42.9,45.27 3 1
github.com/Ulbora/ulboracms/handlers/adminBackupHandler.go:45.27,48.11 3 1
github.com/Ulbora/ulboracms/handlers/adminBackupHandler.go:48.11,61.5 3 1
github.com/Ulbora/ulboracms/handlers/adminBackupHandler.go:64.9,66.4 1 1
github.com/Ulbora/ulboracms/handlers/adminBackupHandler.go:71.81,74.9 3 1
github.com/Ulbora/ulboracms/handlers/adminBackupHandler.go:74.9,77.29 3 1
github.com/Ulbora/ulboracms/handlers/adminBackupHandler.go:77.29,94.11 10 1
github.com/Ulbora/ulboracms/handlers/adminBackupHandler.go:94.11,96.5 1 1
github.com/Ulbora/ulboracms/handlers/adminBackupHandler.go:96.10,99.5 2 1
github.com/Ulbora/ulboracms/handlers/adminBackupHandler.go:100.9,102.4 1 1
github.com/Ulbora/ulboracms/handlers/adminImageHandler.go:11.76,14.9 3 1
github.com/Ulbora/ulboracms/handlers/adminImageHandler.go:14.9,17.27 3 1
github.com/Ulbora/ulboracms/handlers/adminImageHandler.go:17.27,21.4 1 1
github.com/Ulbora/ulboracms/handlers/adminImageHandler.go:21.9,23.4 1 1
github.com/Ulbora/ulboracms/handlers/adminImageHandler.go:28.79,31.9 3 1
github.com/Ulbora/ulboracms/handlers/adminImageHandler.go:31.9,34.27 3 1
github.com/Ulbora/ulboracms/handlers/adminImageHandler.go:34.27,51.11 10 1
github.com/Ulbora/ulboracms/handlers/adminImageHandler.go:51.11,53.5 1 1
github.com/Ulbora/ulboracms/handlers/adminImageHandler.go:53.10,56.5 2 1
github.com/Ulbora/ulboracms/handlers/adminImageHandler.go:57.9,59.4 1 1
github.com/Ulbora/ulboracms/handlers/adminImageHandler.go:64.77,67.9 3 1
github.com/Ulbora/ulboracms/handlers/adminImageHandler.go:67.9,70.27 3 1
github.com/Ulbora/ulboracms/handlers/adminImageHandler.go:70.27,74.4 2 1
github.com/Ulbora/ulboracms/handlers/adminImageHandler.go:74.9,76.4 1 1
github.com/Ulbora/ulboracms/handlers/adminImageHandler.go:81.79,84.9 3 1
github.com/Ulbora/ulboracms/handlers/adminImageHandler.go:84.9,87.27 3 1
github.com/Ulbora/ulboracms/handlers/adminImageHandler.go:87.27,96.4 5 1
github.com/Ulbora/ulboracms/handlers/adminImageHandler.go:96.9,98.4 1 1
github.com/Ulbora/ulboracms/handlers/adminTemplateHandler.go:13.80,16.9 3 1
github.com/Ulbora/ulboracms/handlers/adminTemplateHandler.go:16.9,19.27 3 1
github.com/Ulbora/ulboracms/handlers/adminTemplateHandler.go:19.27,24.4 3 1
github.com/Ulbora/ulboracms/handlers/adminTemplateHandler.go:24.9,26.4 1 1
github.com/Ulbora/ulboracms/handlers/adminTemplateHandler.go:31.79,34.9 3 1
github.com/Ulbora/ulboracms/handlers/adminTemplateHandler.go:34.9,37.27 3 1
github.com/Ulbora/ulboracms/handlers/adminTemplateHandler.go:37.27,40.4 2 1
github.com/Ulbora/ulboracms/handlers/adminTemplateHandler.go:40.9,42.4 1 1
github.com/Ulbora/ulboracms/handlers/adminTemplateHandler.go:47.82,50.9 3 1
github.com/Ulbora/ulboracms/handlers/adminTemplateHandler.go:50.9,53.28 3 1
github.com/Ulbora/ulboracms/handlers/adminTemplateHandler.go:53.28,72.11 13 1
github.com/Ulbora/ulboracms/handlers/adminTemplateHandler.go:77.4,77.13 1 1
github.com/Ulbora/ulboracms/handlers/adminTemplateHandler.go:72.11,76.5 3 1
github.com/Ulbora/ulboracms/handlers/adminTemplateHandler.go:77.13,79.5 1 1
github.com/Ulbora/ulboracms/handlers/adminTemplateHandler.go:79.10,82.5 2 1
github.com/Ulbora/ulboracms/handlers/adminTemplateHandler.go:83.9,85.4 1 1
github.com/Ulbora/ulboracms/handlers/adminTemplateHandler.go:90.84,93.9 3 1
github.com/Ulbora/ulboracms/handlers/adminTemplateHandler.go:93.9,96.27 3 1
github.com/Ulbora/ulboracms/handlers/adminTemplateHandler.go:96.27,101.11 5 1
github.com/Ulbora/ulboracms/handlers/adminTemplateHandler.go:104.4,105.57 2 1
github.com/Ulbora/ulboracms/handlers/adminTemplateHandler.go:101.11,103.5 1 1
github.com/Ulbora/ulboracms/handlers/adminTemplateHandler.go:106.9,108.4 1 1
github.com/Ulbora/ulboracms/handlers/adminTemplateHandler.go:113.82,116.9 3 1
github.com/Ulbora/ulboracms/handlers/adminTemplateHandler.go:116.9,119.27 3 1
github.com/Ulbora/ulboracms/handlers/adminTemplateHandler.go:119.27,124.11 5 1
github.com/Ulbora/ulboracms/handlers/adminTemplateHandler.go:127.4,128.57 2 1
github.com/Ulbora/ulboracms/handlers/adminTemplateHandler.go:124.11,126.5 1 1
github.com/Ulbora/ulboracms/handlers/adminTemplateHandler.go:129.9,131.4 1 1
github.com/Ulbora/ulboracms/handlers/contactFormHandler.go:16.74,21.2 4 1
github.com/Ulbora/ulboracms/handlers/contactFormHandler.go:24.78,38.25 9 1
github.com/Ulbora/ulboracms/handlers/contactFormHandler.go:64.2,64.13 1 1
github.com/Ulbora/ulboracms/handlers/contactFormHandler.go:76.2,76.50 1 1
github.com/Ulbora/ulboracms/handlers/contactFormHandler.go:38.25,43.27 3 1
github.com/Ulbora/ulboracms/handlers/contactFormHandler.go:51.3,59.18 8 1
github.com/Ulbora/ulboracms/handlers/contactFormHandler.go:62.3,62.47 1 1
github.com/Ulbora/ulboracms/handlers/contactFormHandler.go:43.27,44.65 1 1
github.com/Ulbora/ulboracms/handlers/contactFormHandler.go:44.65,45.30 1 1
github.com/Ulbora/ulboracms/handlers/contactFormHandler.go:45.30,47.11 2 1
github.com/Ulbora/ulboracms/handlers/contactFormHandler.go:59.18,61.4 1 1
github.com/Ulbora/ulboracms/handlers/contactFormHandler.go:64.13,75.3 9 1
github.com/Ulbora/ulboracms/handlers/contentHandler.go:22.68,26.27 4 1
github.com/Ulbora/ulboracms/handlers/contentHandler.go:26.27,27.17 1 1
github.com/Ulbora/ulboracms/handlers/contentHandler.go:31.3,35.47 5 1
github.com/Ulbora/ulboracms/handlers/contentHandler.go:38.3,41.47 3 1
github.com/Ulbora/ulboracms/handlers/contentHandler.go:44.3,48.19 5 1
github.com/Ulbora/ulboracms/handlers/contentHandler.go:63.3,66.45 2 1
github.com/Ulbora/ulboracms/handlers/contentHandler.go:27.17,30.4 2 1
github.com/Ulbora/ulboracms/handlers/contentHandler.go:35.47,37.4 1 1
github.com/Ulbora/ulboracms/handlers/contentHandler.go:41.47,43.4 1 1
github.com/Ulbora/ulboracms/handlers/contentHandler.go:48.19,54.4 5 1
github.com/Ulbora/ulboracms/handlers/contentHandler.go:54.9,55.23 1 1
github.com/Ulbora/ulboracms/handlers/contentHandler.go:55.23,61.5 5 1
github.com/Ulbora/ulboracms/handlers/contentHandler.go:71.71,77.18 6 1
github.com/Ulbora/ulboracms/handlers/contentHandler.go:77.18,85.3 7 1
github.com/Ulbora/ulboracms/handlers/contentHandler.go:85.8,87.3 1 1
