mode: set
github.com/Ulbora/ulboracms/services/service.go:73.39,78.2 4 1
github.com/Ulbora/ulboracms/services/service.go:80.89,84.20 4 1
github.com/Ulbora/ulboracms/services/service.go:109.2,109.12 1 1
github.com/Ulbora/ulboracms/services/service.go:85.19,89.12 4 1
github.com/Ulbora/ulboracms/services/service.go:90.19,95.18 5 1
github.com/Ulbora/ulboracms/services/service.go:95.18,100.19 5 1
github.com/Ulbora/ulboracms/services/service.go:100.19,106.5 5 1
github.com/Ulbora/ulboracms/services/templateFileService.go:20.56,23.12 3 1
github.com/Ulbora/ulboracms/services/templateFileService.go:63.2,63.12 1 1
github.com/Ulbora/ulboracms/services/templateFileService.go:23.12,27.18 4 1
github.com/Ulbora/ulboracms/services/templateFileService.go:27.18,30.19 3 1
github.com/Ulbora/ulboracms/services/templateFileService.go:30.19,34.21 4 1
github.com/Ulbora/ulboracms/services/templateFileService.go:34.21,38.22 4 1
github.com/Ulbora/ulboracms/services/templateFileService.go:52.6,56.21 5 1
github.com/Ulbora/ulboracms/services/templateFileService.go:38.22,40.11 2 1
github.com/Ulbora/ulboracms/services/templateFileService.go:40.11,43.25 3 1
github.com/Ulbora/ulboracms/services/templateFileService.go:46.8,49.69 4 1
github.com/Ulbora/ulboracms/services/templateFileService.go:43.25,44.14 1 1
github.com/Ulbora/ulboracms/services/templateFileService.go:56.21,58.7 1 1
github.com/Ulbora/ulboracms/services/templateFileService.go:67.62,72.16 5 1
github.com/Ulbora/ulboracms/services/templateFileService.go:75.2,75.12 1 1
github.com/Ulbora/ulboracms/services/templateFileService.go:72.16,74.3 1 1
github.com/Ulbora/ulboracms/services/templateService.go:19.98,34.2 10 1
github.com/Ulbora/ulboracms/services/templateService.go:37.54,40.34 3 1
github.com/Ulbora/ulboracms/services/templateService.go:49.2,49.12 1 1
github.com/Ulbora/ulboracms/services/templateService.go:40.34,44.19 4 1
github.com/Ulbora/ulboracms/services/templateService.go:44.19,47.4 2 1
github.com/Ulbora/ulboracms/services/templateService.go:53.53,57.22 3 1
github.com/Ulbora/ulboracms/services/templateService.go:66.2,66.12 1 1
github.com/Ulbora/ulboracms/services/templateService.go:57.22,61.29 4 1
github.com/Ulbora/ulboracms/services/templateService.go:61.29,63.9 2 1
github.com/Ulbora/ulboracms/services/templateService.go:70.52,74.22 3 1
github.com/Ulbora/ulboracms/services/templateService.go:83.2,83.13 1 1
github.com/Ulbora/ulboracms/services/templateService.go:74.22,78.17 4 1
github.com/Ulbora/ulboracms/services/templateService.go:78.17,81.4 2 1
github.com/Ulbora/ulboracms/services/templateService.go:87.57,91.22 3 1
github.com/Ulbora/ulboracms/services/templateService.go:100.2,101.18 2 1
github.com/Ulbora/ulboracms/services/templateService.go:111.2,111.12 1 1
github.com/Ulbora/ulboracms/services/templateService.go:91.22,95.17 4 1
github.com/Ulbora/ulboracms/services/templateService.go:95.17,98.4 2 1
github.com/Ulbora/ulboracms/services/templateService.go:101.18,105.17 4 1
github.com/Ulbora/ulboracms/services/templateService.go:105.17,109.4 3 1
github.com/Ulbora/ulboracms/services/templateService.go:115.55,118.19 3 1
github.com/Ulbora/ulboracms/services/templateService.go:129.2,129.12 1 1
github.com/Ulbora/ulboracms/services/templateService.go:118.19,122.17 4 1
github.com/Ulbora/ulboracms/services/templateService.go:122.17,123.17 1 1
github.com/Ulbora/ulboracms/services/templateService.go:123.17,126.5 2 1
github.com/Ulbora/ulboracms/services/backupService.go:39.53,45.16 6 1
github.com/Ulbora/ulboracms/services/backupService.go:114.2,114.12 1 1
github.com/Ulbora/ulboracms/services/backupService.go:45.16,59.46 11 1
github.com/Ulbora/ulboracms/services/backupService.go:66.3,72.47 4 1
github.com/Ulbora/ulboracms/services/backupService.go:79.3,85.39 4 1
github.com/Ulbora/ulboracms/services/backupService.go:93.3,100.7 7 1
github.com/Ulbora/ulboracms/services/backupService.go:112.3,112.13 1 1
github.com/Ulbora/ulboracms/services/backupService.go:59.46,64.4 4 1
github.com/Ulbora/ulboracms/services/backupService.go:72.47,77.4 4 1
github.com/Ulbora/ulboracms/services/backupService.go:85.39,90.4 4 1
github.com/Ulbora/ulboracms/services/backupService.go:100.7,103.21 3 1
github.com/Ulbora/ulboracms/services/backupService.go:106.4,110.21 5 1
github.com/Ulbora/ulboracms/services/backupService.go:103.21,104.10 1 1
github.com/Ulbora/ulboracms/services/backupService.go:118.56,125.16 5 1
github.com/Ulbora/ulboracms/services/backupService.go:145.2,147.16 3 1
github.com/Ulbora/ulboracms/services/backupService.go:167.2,169.16 3 1
github.com/Ulbora/ulboracms/services/backupService.go:188.2,194.16 6 1
github.com/Ulbora/ulboracms/services/backupService.go:204.2,219.16 12 1
github.com/Ulbora/ulboracms/services/backupService.go:224.2,227.29 2 1
github.com/Ulbora/ulboracms/services/backupService.go:125.16,126.34 1 1
github.com/Ulbora/ulboracms/services/backupService.go:141.3,141.43 1 1
github.com/Ulbora/ulboracms/services/backupService.go:126.34,127.22 1 1
github.com/Ulbora/ulboracms/services/backupService.go:127.22,131.20 3 1
github.com/Ulbora/ulboracms/services/backupService.go:131.20,137.6 5 1
github.com/Ulbora/ulboracms/services/backupService.go:147.16,148.35 1 1
github.com/Ulbora/ulboracms/services/backupService.go:162.3,163.48 2 1
github.com/Ulbora/ulboracms/services/backupService.go:148.35,149.22 1 1
github.com/Ulbora/ulboracms/services/backupService.go:149.22,153.20 4 1
github.com/Ulbora/ulboracms/services/backupService.go:153.20,159.6 5 1
github.com/Ulbora/ulboracms/services/backupService.go:169.16,171.34 2 1
github.com/Ulbora/ulboracms/services/backupService.go:184.3,184.32 1 1
github.com/Ulbora/ulboracms/services/backupService.go:171.34,172.22 1 1
github.com/Ulbora/ulboracms/services/backupService.go:172.22,175.20 3 1
github.com/Ulbora/ulboracms/services/backupService.go:175.20,181.6 5 1
github.com/Ulbora/ulboracms/services/backupService.go:194.16,195.30 1 1
github.com/Ulbora/ulboracms/services/backupService.go:202.3,202.13 1 1
github.com/Ulbora/ulboracms/services/backupService.go:195.30,196.20 1 1
github.com/Ulbora/ulboracms/services/backupService.go:196.20,200.5 3 1
github.com/Ulbora/ulboracms/services/backupService.go:219.16,222.3 2 1
github.com/Ulbora/ulboracms/services/backupService.go:230.59,232.72 1 1
github.com/Ulbora/ulboracms/services/backupService.go:232.72,237.18 5 1
github.com/Ulbora/ulboracms/services/backupService.go:252.3,252.14 1 1
github.com/Ulbora/ulboracms/services/backupService.go:237.18,241.20 4 1
github.com/Ulbora/ulboracms/services/backupService.go:241.20,242.20 1 1
github.com/Ulbora/ulboracms/services/backupService.go:242.20,245.21 3 1
github.com/Ulbora/ulboracms/services/backupService.go:245.21,248.7 2 1
github.com/Ulbora/ulboracms/services/contentService.go:52.61,59.16 6 1
github.com/Ulbora/ulboracms/services/contentService.go:66.2,66.12 1 1
github.com/Ulbora/ulboracms/services/contentService.go:59.16,63.3 3 1
github.com/Ulbora/ulboracms/services/contentService.go:63.8,65.3 1 1
github.com/Ulbora/ulboracms/services/contentService.go:70.64,75.16 5 1
github.com/Ulbora/ulboracms/services/contentService.go:100.2,100.12 1 1
github.com/Ulbora/ulboracms/services/contentService.go:75.16,79.17 4 1
github.com/Ulbora/ulboracms/services/contentService.go:79.17,96.4 16 1
github.com/Ulbora/ulboracms/services/contentService.go:97.8,99.3 1 1
github.com/Ulbora/ulboracms/services/contentService.go:104.63,108.16 4 1
github.com/Ulbora/ulboracms/services/contentService.go:129.2,129.18 1 1
github.com/Ulbora/ulboracms/services/contentService.go:108.16,111.17 3 1
github.com/Ulbora/ulboracms/services/contentService.go:111.17,113.19 2 1
github.com/Ulbora/ulboracms/services/contentService.go:113.19,116.36 3 1
github.com/Ulbora/ulboracms/services/contentService.go:119.5,125.15 4 1
github.com/Ulbora/ulboracms/services/contentService.go:116.36,118.6 1 1
github.com/Ulbora/ulboracms/services/contentService.go:133.64,137.22 3 1
github.com/Ulbora/ulboracms/services/contentService.go:159.2,159.13 1 1
github.com/Ulbora/ulboracms/services/contentService.go:137.22,141.17 4 1
github.com/Ulbora/ulboracms/services/contentService.go:141.17,142.32 1 1
github.com/Ulbora/ulboracms/services/contentService.go:142.32,143.13 1 1
github.com/Ulbora/ulboracms/services/contentService.go:144.10,147.20 3 1
github.com/Ulbora/ulboracms/services/contentService.go:147.20,150.37 3 1
github.com/Ulbora/ulboracms/services/contentService.go:153.6,154.27 2 1
github.com/Ulbora/ulboracms/services/contentService.go:150.37,152.7 1 1
github.com/Ulbora/ulboracms/services/contentService.go:163.59,166.9 3 1
github.com/Ulbora/ulboracms/services/contentService.go:170.2,170.12 1 1
github.com/Ulbora/ulboracms/services/contentService.go:166.9,169.3 2 1
github.com/Ulbora/ulboracms/services/contentService.go:174.33,177.34 3 1
github.com/Ulbora/ulboracms/services/contentService.go:189.2,189.16 1 1
github.com/Ulbora/ulboracms/services/contentService.go:177.34,182.10 5 1
github.com/Ulbora/ulboracms/services/contentService.go:182.10,187.4 4 1
github.com/Ulbora/ulboracms/services/contentService.go:193.33,196.30 3 1
github.com/Ulbora/ulboracms/services/contentService.go:196.30,198.3 1 1
github.com/Ulbora/ulboracms/services/imageService.go:19.66,27.16 8 1
github.com/Ulbora/ulboracms/services/imageService.go:30.2,30.12 1 1
github.com/Ulbora/ulboracms/services/imageService.go:27.16,29.3 1 1
github.com/Ulbora/ulboracms/services/imageService.go:34.46,37.16 3 1
github.com/Ulbora/ulboracms/services/imageService.go:49.2,49.13 1 1
github.com/Ulbora/ulboracms/services/imageService.go:37.16,38.32 1 1
github.com/Ulbora/ulboracms/services/imageService.go:38.32,39.22 1 1
github.com/Ulbora/ulboracms/services/imageService.go:39.22,46.5 5 1
github.com/Ulbora/ulboracms/services/imageService.go:53.60,55.2 1 1
github.com/Ulbora/ulboracms/services/imageService.go:58.52,65.17 7 1
github.com/Ulbora/ulboracms/services/imageService.go:68.2,68.12 1 1
github.com/Ulbora/ulboracms/services/imageService.go:65.17,67.3 1 1
github.com/Ulbora/ulboracms/services/mailService.go:6.55,12.2 5 1
github.com/Ulbora/ulboracms/services/reCaptcha.go:26.68,28.19 2 1
github.com/Ulbora/ulboracms/services/reCaptcha.go:41.2,42.12 2 1
github.com/Ulbora/ulboracms/services/reCaptcha.go:28.19,32.3 2 1
github.com/Ulbora/ulboracms/services/reCaptcha.go:32.8,36.18 3 1
github.com/Ulbora/ulboracms/services/reCaptcha.go:36.18,39.4 2 1
github.com/Ulbora/ulboracms/services/reCaptcha.go:45.81,51.17 6 1
github.com/Ulbora/ulboracms/services/reCaptcha.go:59.2,60.13 2 1
github.com/Ulbora/ulboracms/services/reCaptcha.go:51.17,56.3 4 1
github.com/Ulbora/ulboracms/services/reCaptcha.go:56.8,58.3 1 1
github.com/Ulbora/ulboracms/services/reCaptcha.go:63.81,66.17 3 1
github.com/Ulbora/ulboracms/services/reCaptcha.go:79.2,80.12 2 1
github.com/Ulbora/ulboracms/services/reCaptcha.go:66.17,69.17 3 1
github.com/Ulbora/ulboracms/services/reCaptcha.go:73.3,73.17 1 1
github.com/Ulbora/ulboracms/services/reCaptcha.go:69.17,72.4 2 1
github.com/Ulbora/ulboracms/services/reCaptcha.go:73.17,75.4 1 1
github.com/Ulbora/ulboracms/services/reCaptcha.go:76.8,78.3 1 1
