mode: set
github.com/Ulbora/ulboracms/services/contentService.go:49.61,56.16 7 1
github.com/Ulbora/ulboracms/services/contentService.go:63.2,63.12 1 1
github.com/Ulbora/ulboracms/services/contentService.go:56.16,60.3 3 1
github.com/Ulbora/ulboracms/services/contentService.go:60.8,62.3 1 1
github.com/Ulbora/ulboracms/services/contentService.go:67.64,72.16 5 1
github.com/Ulbora/ulboracms/services/contentService.go:94.2,94.12 1 1
github.com/Ulbora/ulboracms/services/contentService.go:72.16,76.17 4 1
github.com/Ulbora/ulboracms/services/contentService.go:76.17,90.4 13 1
github.com/Ulbora/ulboracms/services/contentService.go:91.8,93.3 1 1
github.com/Ulbora/ulboracms/services/contentService.go:98.63,102.16 4 1
github.com/Ulbora/ulboracms/services/contentService.go:117.2,117.18 1 1
github.com/Ulbora/ulboracms/services/contentService.go:102.16,105.17 3 1
github.com/Ulbora/ulboracms/services/contentService.go:105.17,107.19 2 1
github.com/Ulbora/ulboracms/services/contentService.go:107.19,109.36 2 1
github.com/Ulbora/ulboracms/services/contentService.go:112.5,113.15 2 1
github.com/Ulbora/ulboracms/services/contentService.go:109.36,111.6 1 1
github.com/Ulbora/ulboracms/services/contentService.go:121.50,125.22 4 1
github.com/Ulbora/ulboracms/services/contentService.go:142.2,142.13 1 1
github.com/Ulbora/ulboracms/services/contentService.go:125.22,129.17 4 1
github.com/Ulbora/ulboracms/services/contentService.go:129.17,132.19 3 1
github.com/Ulbora/ulboracms/services/contentService.go:132.19,134.36 2 1
github.com/Ulbora/ulboracms/services/contentService.go:137.5,138.26 2 1
github.com/Ulbora/ulboracms/services/contentService.go:134.36,136.6 1 1
github.com/Ulbora/ulboracms/services/contentService.go:146.59,149.9 3 1
github.com/Ulbora/ulboracms/services/contentService.go:153.2,153.12 1 1
github.com/Ulbora/ulboracms/services/contentService.go:149.9,152.3 2 1
github.com/Ulbora/ulboracms/services/imageService.go:13.66,21.16 8 1
github.com/Ulbora/ulboracms/services/imageService.go:24.2,24.12 1 1
github.com/Ulbora/ulboracms/services/imageService.go:21.16,23.3 1 1
github.com/Ulbora/ulboracms/services/imageService.go:28.60,30.2 1 1
github.com/Ulbora/ulboracms/services/imageService.go:33.52,40.17 7 1
github.com/Ulbora/ulboracms/services/imageService.go:43.2,43.12 1 1
github.com/Ulbora/ulboracms/services/imageService.go:40.17,42.3 1 1
github.com/Ulbora/ulboracms/services/mailService.go:6.55,12.2 5 1
github.com/Ulbora/ulboracms/services/reCaptcha.go:26.68,31.17 4 1
github.com/Ulbora/ulboracms/services/reCaptcha.go:35.2,36.12 2 1
github.com/Ulbora/ulboracms/services/reCaptcha.go:31.17,34.3 2 1
github.com/Ulbora/ulboracms/services/reCaptcha.go:39.81,45.17 6 1
github.com/Ulbora/ulboracms/services/reCaptcha.go:53.2,54.13 2 1
github.com/Ulbora/ulboracms/services/reCaptcha.go:45.17,50.3 4 1
github.com/Ulbora/ulboracms/services/reCaptcha.go:50.8,52.3 1 1
github.com/Ulbora/ulboracms/services/reCaptcha.go:57.81,60.17 3 1
github.com/Ulbora/ulboracms/services/reCaptcha.go:73.2,74.12 2 1
github.com/Ulbora/ulboracms/services/reCaptcha.go:60.17,63.17 3 1
github.com/Ulbora/ulboracms/services/reCaptcha.go:67.3,67.17 1 1
github.com/Ulbora/ulboracms/services/reCaptcha.go:63.17,66.4 2 1
github.com/Ulbora/ulboracms/services/reCaptcha.go:67.17,69.4 1 1
github.com/Ulbora/ulboracms/services/reCaptcha.go:70.8,72.3 1 1
github.com/Ulbora/ulboracms/services/service.go:46.39,50.2 3 1
github.com/Ulbora/ulboracms/services/templateFileService.go:20.56,23.12 3 1
github.com/Ulbora/ulboracms/services/templateFileService.go:62.2,62.12 1 1
github.com/Ulbora/ulboracms/services/templateFileService.go:23.12,27.18 4 1
github.com/Ulbora/ulboracms/services/templateFileService.go:27.18,30.19 3 1
github.com/Ulbora/ulboracms/services/templateFileService.go:30.19,34.21 4 1
github.com/Ulbora/ulboracms/services/templateFileService.go:34.21,38.22 4 1
github.com/Ulbora/ulboracms/services/templateFileService.go:51.6,55.21 5 1
github.com/Ulbora/ulboracms/services/templateFileService.go:38.22,40.11 2 1
github.com/Ulbora/ulboracms/services/templateFileService.go:40.11,43.25 3 1
github.com/Ulbora/ulboracms/services/templateFileService.go:46.8,48.69 3 1
github.com/Ulbora/ulboracms/services/templateFileService.go:43.25,44.14 1 1
github.com/Ulbora/ulboracms/services/templateFileService.go:55.21,57.7 1 1
github.com/Ulbora/ulboracms/services/templateFileService.go:65.89,68.20 3 1
github.com/Ulbora/ulboracms/services/templateFileService.go:90.2,90.12 1 1
github.com/Ulbora/ulboracms/services/templateFileService.go:69.19,72.12 3 1
github.com/Ulbora/ulboracms/services/templateFileService.go:73.19,77.18 4 1
github.com/Ulbora/ulboracms/services/templateFileService.go:77.18,81.19 4 1
github.com/Ulbora/ulboracms/services/templateFileService.go:81.19,87.5 5 1
github.com/Ulbora/ulboracms/services/templateFileService.go:94.62,99.16 5 1
github.com/Ulbora/ulboracms/services/templateFileService.go:102.2,102.12 1 1
github.com/Ulbora/ulboracms/services/templateFileService.go:99.16,101.3 1 1
github.com/Ulbora/ulboracms/services/templateService.go:12.54,15.34 3 1
github.com/Ulbora/ulboracms/services/templateService.go:24.2,24.12 1 1
github.com/Ulbora/ulboracms/services/templateService.go:15.34,19.19 4 1
github.com/Ulbora/ulboracms/services/templateService.go:19.19,22.4 2 1
github.com/Ulbora/ulboracms/services/templateService.go:28.52,32.22 4 1
github.com/Ulbora/ulboracms/services/templateService.go:40.2,40.13 1 1
github.com/Ulbora/ulboracms/services/templateService.go:32.22,36.17 4 1
github.com/Ulbora/ulboracms/services/templateService.go:36.17,38.4 1 1
github.com/Ulbora/ulboracms/services/templateService.go:44.57,48.22 4 1
github.com/Ulbora/ulboracms/services/templateService.go:57.2,58.18 2 1
github.com/Ulbora/ulboracms/services/templateService.go:68.2,68.12 1 1
github.com/Ulbora/ulboracms/services/templateService.go:48.22,52.17 4 1
github.com/Ulbora/ulboracms/services/templateService.go:52.17,55.4 2 1
github.com/Ulbora/ulboracms/services/templateService.go:58.18,62.17 4 1
github.com/Ulbora/ulboracms/services/templateService.go:62.17,66.4 3 1
github.com/Ulbora/ulboracms/services/templateService.go:72.55,75.19 3 1
github.com/Ulbora/ulboracms/services/templateService.go:86.2,86.12 1 1
github.com/Ulbora/ulboracms/services/templateService.go:75.19,79.17 4 1
github.com/Ulbora/ulboracms/services/templateService.go:79.17,80.17 1 1
github.com/Ulbora/ulboracms/services/templateService.go:80.17,83.5 2 1
